<?xml version="1.0" encoding="UTF-8"?>
<!-- Generated by org.testng.reporters.JUnitXMLReporter -->
<testsuite ignored="0" hostname="DESKTOP-1A5I486" failures="0" tests="3" name="Default test" time="55.703" errors="0" timestamp="2024-06-28T13:58:24 IST">
  <testcase classname="com.selenium.tests.LoginTest" name="validCred" time="1.685"/>
  <testcase classname="com.selenium.tests.LoginTest" name="validCred" time="2.152"/>
  <testcase classname="com.selenium.tests.LoginTest" name="validCred" time="1.808"/>
</testsuite> <!-- Default test -->
