<?xml version="1.0" encoding="UTF-8"?>
<!-- Generated by org.testng.reporters.JUnitXMLReporter -->
<testsuite ignored="0" hostname="DESKTOP-1A5I486" failures="0" tests="3" name="Test" time="60.82" errors="0" timestamp="2024-06-28T14:11:10 IST">
  <testcase classname="com.selenium.tests.LoginTest" name="validCred" time="2.659"/>
  <testcase classname="com.selenium.tests.LoginTest" name="validCred" time="2.122"/>
  <testcase classname="com.selenium.tests.LoginTest" name="validCred" time="2.587"/>
</testsuite> <!-- Test -->
