<?xml version="1.0" encoding="UTF-8"?>
<testng-results ignored="0" total="3" passed="3" failed="0" skipped="0">
  <reporter-output>
  </reporter-output>
  <suite started-at="2024-06-28T14:10:07 IST" name="Suite" finished-at="2024-06-28T14:11:08 IST" duration-ms="60820">
    <groups>
    </groups>
    <test started-at="2024-06-28T14:10:07 IST" name="Test" finished-at="2024-06-28T14:11:08 IST" duration-ms="60820">
      <class name="com.selenium.tests.LoginTest">
        <test-method is-config="true" signature="openBrowser()[pri:0, instance:com.selenium.tests.LoginTest@39d9314d]" started-at="2024-06-28T14:10:15 IST" name="openBrowser" finished-at="2024-06-28T14:10:35 IST" duration-ms="19838" status="PASS">
          <reporter-output>
          </reporter-output>
        </test-method> <!-- openBrowser -->
        <test-method signature="validCred(java.lang.String,java.lang.String)[pri:0, instance:com.selenium.tests.LoginTest@39d9314d]" started-at="2024-06-28T14:10:35 IST" name="validCred" data-provider="SupplyTestData" finished-at="2024-06-28T14:10:37 IST" duration-ms="2659" status="PASS">
          <params>
            <param index="0">
              <value>
                <![CDATA[subbutop5@gmail.com]]>
              </value>
            </param>
            <param index="1">
              <value>
                <![CDATA[Password@123]]>
              </value>
            </param>
          </params>
          <reporter-output>
          </reporter-output>
        </test-method> <!-- validCred -->
        <test-method is-config="true" signature="tearDown()[pri:0, instance:com.selenium.tests.LoginTest@39d9314d]" started-at="2024-06-28T14:10:37 IST" name="tearDown" finished-at="2024-06-28T14:10:38 IST" duration-ms="871" status="PASS">
          <reporter-output>
          </reporter-output>
        </test-method> <!-- tearDown -->
        <test-method is-config="true" signature="openBrowser()[pri:0, instance:com.selenium.tests.LoginTest@39d9314d]" started-at="2024-06-28T14:10:38 IST" name="openBrowser" finished-at="2024-06-28T14:10:50 IST" duration-ms="11929" status="PASS">
          <reporter-output>
          </reporter-output>
        </test-method> <!-- openBrowser -->
        <test-method signature="validCred(java.lang.String,java.lang.String)[pri:0, instance:com.selenium.tests.LoginTest@39d9314d]" started-at="2024-06-28T14:10:50 IST" name="validCred" data-provider="SupplyTestData" finished-at="2024-06-28T14:10:52 IST" duration-ms="2122" status="PASS">
          <params>
            <param index="0">
              <value>
                <![CDATA[subhash2@gmail.com]]>
              </value>
            </param>
            <param index="1">
              <value>
                <![CDATA[Password@123]]>
              </value>
            </param>
          </params>
          <reporter-output>
          </reporter-output>
        </test-method> <!-- validCred -->
        <test-method is-config="true" signature="tearDown()[pri:0, instance:com.selenium.tests.LoginTest@39d9314d]" started-at="2024-06-28T14:10:52 IST" name="tearDown" finished-at="2024-06-28T14:10:53 IST" duration-ms="841" status="PASS">
          <reporter-output>
          </reporter-output>
        </test-method> <!-- tearDown -->
        <test-method is-config="true" signature="openBrowser()[pri:0, instance:com.selenium.tests.LoginTest@39d9314d]" started-at="2024-06-28T14:10:53 IST" name="openBrowser" finished-at="2024-06-28T14:11:04 IST" duration-ms="11293" status="PASS">
          <reporter-output>
          </reporter-output>
        </test-method> <!-- openBrowser -->
        <test-method signature="validCred(java.lang.String,java.lang.String)[pri:0, instance:com.selenium.tests.LoginTest@39d9314d]" started-at="2024-06-28T14:11:04 IST" name="validCred" data-provider="SupplyTestData" finished-at="2024-06-28T14:11:07 IST" duration-ms="2587" status="PASS">
          <params>
            <param index="0">
              <value>
                <![CDATA[subhash3@gmail.com]]>
              </value>
            </param>
            <param index="1">
              <value>
                <![CDATA[Password@123]]>
              </value>
            </param>
          </params>
          <reporter-output>
          </reporter-output>
        </test-method> <!-- validCred -->
        <test-method is-config="true" signature="tearDown()[pri:0, instance:com.selenium.tests.LoginTest@39d9314d]" started-at="2024-06-28T14:11:07 IST" name="tearDown" finished-at="2024-06-28T14:11:08 IST" duration-ms="868" status="PASS">
          <reporter-output>
          </reporter-output>
        </test-method> <!-- tearDown -->
      </class> <!-- com.selenium.tests.LoginTest -->
    </test> <!-- Test -->
  </suite> <!-- Suite -->
</testng-results>
